<?xml version="1.0" encoding="UTF-8"?>
<robot generator="Robot 6.0.2 (Python 3.11.2 on darwin)" generated="20230328 15:47:29.454" rpa="false" schemaversion="3">
<suite id="s1" name="Morse" source="/Users/dave/Documents/coding/Python/software_test_automation/ex3/morse.robot">
<test id="s1-t1" name="Send Morse basic" line="15">
<kw name="Morse Setup" library="morse" type="SETUP">
<kw name="Log" library="BuiltIn">
<arg>1</arg>
<doc>Logs the given message with the given level.</doc>
<msg timestamp="20230328 15:47:29.496" level="INFO">1</msg>
<status status="PASS" starttime="20230328 15:47:29.496" endtime="20230328 15:47:29.496"/>
</kw>
<status status="PASS" starttime="20230328 15:47:29.495" endtime="20230328 15:47:29.496"/>
</kw>
<kw name="Send Morse" library="morse">
<arg>hello world</arg>
<arg>50</arg>
<arg>50</arg>
<kw name="Set Speed" library="MorseDecoderLibrary">
<arg>${speed}</arg>
<status status="PASS" starttime="20230328 15:47:29.496" endtime="20230328 15:47:29.501"/>
</kw>
<kw name="Send Text" library="MorseDecoderLibrary">
<arg>${text_to_send}</arg>
<status status="PASS" starttime="20230328 15:47:29.501" endtime="20230328 15:47:29.501"/>
</kw>
<kw name="Replace String Using Regexp" library="String">
<var>${text_to_expect}</var>
<arg>${text_to_send}</arg>
<arg>[^a-zA-Z0-9 ]</arg>
<arg>x</arg>
<doc>Replaces ``pattern`` in the given ``string`` with ``replace_with``.</doc>
<msg timestamp="20230328 15:47:29.501" level="INFO">${text_to_expect} = hello world</msg>
<status status="PASS" starttime="20230328 15:47:29.501" endtime="20230328 15:47:29.501"/>
</kw>
<kw name="Convert To Upper Case" library="String">
<var>${text_to_expect}</var>
<arg>${text_to_expect}</arg>
<doc>Converts string to upper case.</doc>
<msg timestamp="20230328 15:47:29.502" level="INFO">${text_to_expect} = HELLO WORLD</msg>
<status status="PASS" starttime="20230328 15:47:29.501" endtime="20230328 15:47:29.502"/>
</kw>
<kw name="Speed Should Be" library="MorseDecoderLibrary">
<arg>${expected_speed}</arg>
<status status="PASS" starttime="20230328 15:47:29.502" endtime="20230328 15:47:29.824"/>
</kw>
<kw name="Text Should Be" library="MorseDecoderLibrary">
<arg>${text_to_expect}</arg>
<status status="PASS" starttime="20230328 15:47:29.825" endtime="20230328 15:47:31.925"/>
</kw>
<status status="PASS" starttime="20230328 15:47:29.496" endtime="20230328 15:47:31.925"/>
</kw>
<kw name="Morse Teardown" library="morse" type="TEARDOWN">
<kw name="Log" library="BuiltIn">
<arg>2</arg>
<doc>Logs the given message with the given level.</doc>
<msg timestamp="20230328 15:47:31.926" level="INFO">2</msg>
<status status="PASS" starttime="20230328 15:47:31.926" endtime="20230328 15:47:31.926"/>
</kw>
<status status="PASS" starttime="20230328 15:47:31.926" endtime="20230328 15:47:31.926"/>
</kw>
<status status="PASS" starttime="20230328 15:47:29.495" endtime="20230328 15:47:31.926"/>
</test>
<test id="s1-t2" name="Send Morse special char" line="16">
<kw name="Morse Setup" library="morse" type="SETUP">
<kw name="Log" library="BuiltIn">
<arg>1</arg>
<doc>Logs the given message with the given level.</doc>
<msg timestamp="20230328 15:47:31.929" level="INFO">1</msg>
<status status="PASS" starttime="20230328 15:47:31.929" endtime="20230328 15:47:31.929"/>
</kw>
<status status="PASS" starttime="20230328 15:47:31.928" endtime="20230328 15:47:31.929"/>
</kw>
<kw name="Send Morse" library="morse">
<arg>hello_people</arg>
<arg>50</arg>
<arg>50</arg>
<kw name="Set Speed" library="MorseDecoderLibrary">
<arg>${speed}</arg>
<status status="PASS" starttime="20230328 15:47:31.929" endtime="20230328 15:47:31.934"/>
</kw>
<kw name="Send Text" library="MorseDecoderLibrary">
<arg>${text_to_send}</arg>
<status status="PASS" starttime="20230328 15:47:31.934" endtime="20230328 15:47:31.934"/>
</kw>
<kw name="Replace String Using Regexp" library="String">
<var>${text_to_expect}</var>
<arg>${text_to_send}</arg>
<arg>[^a-zA-Z0-9 ]</arg>
<arg>x</arg>
<doc>Replaces ``pattern`` in the given ``string`` with ``replace_with``.</doc>
<msg timestamp="20230328 15:47:31.934" level="INFO">${text_to_expect} = helloxpeople</msg>
<status status="PASS" starttime="20230328 15:47:31.934" endtime="20230328 15:47:31.934"/>
</kw>
<kw name="Convert To Upper Case" library="String">
<var>${text_to_expect}</var>
<arg>${text_to_expect}</arg>
<doc>Converts string to upper case.</doc>
<msg timestamp="20230328 15:47:31.935" level="INFO">${text_to_expect} = HELLOXPEOPLE</msg>
<status status="PASS" starttime="20230328 15:47:31.934" endtime="20230328 15:47:31.935"/>
</kw>
<kw name="Speed Should Be" library="MorseDecoderLibrary">
<arg>${expected_speed}</arg>
<status status="PASS" starttime="20230328 15:47:31.935" endtime="20230328 15:47:32.305"/>
</kw>
<kw name="Text Should Be" library="MorseDecoderLibrary">
<arg>${text_to_expect}</arg>
<status status="PASS" starttime="20230328 15:47:32.305" endtime="20230328 15:47:34.686"/>
</kw>
<status status="PASS" starttime="20230328 15:47:31.929" endtime="20230328 15:47:34.686"/>
</kw>
<kw name="Morse Teardown" library="morse" type="TEARDOWN">
<kw name="Log" library="BuiltIn">
<arg>2</arg>
<doc>Logs the given message with the given level.</doc>
<msg timestamp="20230328 15:47:34.687" level="INFO">2</msg>
<status status="PASS" starttime="20230328 15:47:34.687" endtime="20230328 15:47:34.687"/>
</kw>
<status status="PASS" starttime="20230328 15:47:34.686" endtime="20230328 15:47:34.687"/>
</kw>
<status status="PASS" starttime="20230328 15:47:31.928" endtime="20230328 15:47:34.687"/>
</test>
<test id="s1-t3" name="Send Morse longer text" line="17">
<kw name="Morse Setup" library="morse" type="SETUP">
<kw name="Log" library="BuiltIn">
<arg>1</arg>
<doc>Logs the given message with the given level.</doc>
<msg timestamp="20230328 15:47:34.689" level="INFO">1</msg>
<status status="PASS" starttime="20230328 15:47:34.689" endtime="20230328 15:47:34.689"/>
</kw>
<status status="PASS" starttime="20230328 15:47:34.689" endtime="20230328 15:47:34.689"/>
</kw>
<kw name="Send Morse" library="morse">
<arg>${lorem}</arg>
<arg>450</arg>
<arg>500</arg>
<kw name="Set Speed" library="MorseDecoderLibrary">
<arg>${speed}</arg>
<status status="PASS" starttime="20230328 15:47:34.690" endtime="20230328 15:47:34.694"/>
</kw>
<kw name="Send Text" library="MorseDecoderLibrary">
<arg>${text_to_send}</arg>
<status status="PASS" starttime="20230328 15:47:34.694" endtime="20230328 15:47:34.694"/>
</kw>
<kw name="Replace String Using Regexp" library="String">
<var>${text_to_expect}</var>
<arg>${text_to_send}</arg>
<arg>[^a-zA-Z0-9 ]</arg>
<arg>x</arg>
<doc>Replaces ``pattern`` in the given ``string`` with ``replace_with``.</doc>
<msg timestamp="20230328 15:47:34.695" level="INFO">${text_to_expect} = Lorem Ipsum is simply dummy text of the printing and typesetting industryx</msg>
<status status="PASS" starttime="20230328 15:47:34.694" endtime="20230328 15:47:34.695"/>
</kw>
<kw name="Convert To Upper Case" library="String">
<var>${text_to_expect}</var>
<arg>${text_to_expect}</arg>
<doc>Converts string to upper case.</doc>
<msg timestamp="20230328 15:47:34.695" level="INFO">${text_to_expect} = LOREM IPSUM IS SIMPLY DUMMY TEXT OF THE PRINTING AND TYPESETTING INDUSTRYX</msg>
<status status="PASS" starttime="20230328 15:47:34.695" endtime="20230328 15:47:34.695"/>
</kw>
<kw name="Speed Should Be" library="MorseDecoderLibrary">
<arg>${expected_speed}</arg>
<status status="PASS" starttime="20230328 15:47:34.695" endtime="20230328 15:47:34.841"/>
</kw>
<kw name="Text Should Be" library="MorseDecoderLibrary">
<arg>${text_to_expect}</arg>
<status status="PASS" starttime="20230328 15:47:34.841" endtime="20230328 15:47:36.069"/>
</kw>
<status status="PASS" starttime="20230328 15:47:34.689" endtime="20230328 15:47:36.069"/>
</kw>
<kw name="Morse Teardown" library="morse" type="TEARDOWN">
<kw name="Log" library="BuiltIn">
<arg>2</arg>
<doc>Logs the given message with the given level.</doc>
<msg timestamp="20230328 15:47:36.070" level="INFO">2</msg>
<status status="PASS" starttime="20230328 15:47:36.070" endtime="20230328 15:47:36.070"/>
</kw>
<status status="PASS" starttime="20230328 15:47:36.070" endtime="20230328 15:47:36.070"/>
</kw>
<status status="PASS" starttime="20230328 15:47:34.689" endtime="20230328 15:47:36.070"/>
</test>
<doc>Example of morse transmitter test
</doc>
<status status="PASS" starttime="20230328 15:47:29.457" endtime="20230328 15:47:36.072"/>
</suite>
<statistics>
<total>
<stat pass="3" fail="0" skip="0">All Tests</stat>
</total>
<tag>
</tag>
<suite>
<stat pass="3" fail="0" skip="0" id="s1" name="Morse">Morse</stat>
</suite>
</statistics>
<errors>
</errors>
</robot>
