<?xml version="1.0" encoding="UTF-8"?>
<robot generator="Robot 6.0.2 (Python 3.11.2 on darwin)" generated="20230328 15:16:37.203" rpa="false" schemaversion="3">
<suite id="s1" name="Morse" source="/Users/dave/Documents/coding/Python/software_test_automation/ex3/morse.robot">
<test id="s1-t1" name="Send Morse basic" line="13">
<kw name="Send Morse" library="morse">
<arg>hello world</arg>
<arg>50</arg>
<kw name="Set Speed" library="MorseDecoderLibrary">
<arg>${speed}</arg>
<status status="PASS" starttime="20230328 15:16:37.242" endtime="20230328 15:16:37.246"/>
</kw>
<kw name="Send Text" library="MorseDecoderLibrary">
<arg>${text_to_send}</arg>
<status status="PASS" starttime="20230328 15:16:37.246" endtime="20230328 15:16:37.246"/>
</kw>
<kw name="Replace String Using Regexp" library="String">
<var>${text_to_expect}</var>
<arg>${text_to_send}</arg>
<arg>[^a-zA-Z0-9 ]</arg>
<arg>x</arg>
<doc>Replaces ``pattern`` in the given ``string`` with ``replace_with``.</doc>
<msg timestamp="20230328 15:16:37.247" level="INFO">${text_to_expect} = hello world</msg>
<status status="PASS" starttime="20230328 15:16:37.247" endtime="20230328 15:16:37.247"/>
</kw>
<kw name="Convert To Upper Case" library="String">
<var>${text_to_expect}</var>
<arg>${text_to_expect}</arg>
<doc>Converts string to upper case.</doc>
<msg timestamp="20230328 15:16:37.247" level="INFO">${text_to_expect} = HELLO WORLD</msg>
<status status="PASS" starttime="20230328 15:16:37.247" endtime="20230328 15:16:37.247"/>
</kw>
<kw name="Speed Should Be" library="MorseDecoderLibrary">
<arg>${speed}</arg>
<status status="PASS" starttime="20230328 15:16:37.247" endtime="20230328 15:16:37.610"/>
</kw>
<kw name="Text Should Be" library="MorseDecoderLibrary">
<arg>${text_to_expect}</arg>
<status status="PASS" starttime="20230328 15:16:37.610" endtime="20230328 15:16:39.711"/>
</kw>
<status status="PASS" starttime="20230328 15:16:37.241" endtime="20230328 15:16:39.711"/>
</kw>
<status status="PASS" starttime="20230328 15:16:37.241" endtime="20230328 15:16:39.711"/>
</test>
<test id="s1-t2" name="Send Morse special char" line="14">
<kw name="Send Morse" library="morse">
<arg>hello_people</arg>
<arg>50</arg>
<kw name="Set Speed" library="MorseDecoderLibrary">
<arg>${speed}</arg>
<status status="PASS" starttime="20230328 15:16:39.714" endtime="20230328 15:16:39.718"/>
</kw>
<kw name="Send Text" library="MorseDecoderLibrary">
<arg>${text_to_send}</arg>
<status status="PASS" starttime="20230328 15:16:39.718" endtime="20230328 15:16:39.718"/>
</kw>
<kw name="Replace String Using Regexp" library="String">
<var>${text_to_expect}</var>
<arg>${text_to_send}</arg>
<arg>[^a-zA-Z0-9 ]</arg>
<arg>x</arg>
<doc>Replaces ``pattern`` in the given ``string`` with ``replace_with``.</doc>
<msg timestamp="20230328 15:16:39.718" level="INFO">${text_to_expect} = helloxpeople</msg>
<status status="PASS" starttime="20230328 15:16:39.718" endtime="20230328 15:16:39.718"/>
</kw>
<kw name="Convert To Upper Case" library="String">
<var>${text_to_expect}</var>
<arg>${text_to_expect}</arg>
<doc>Converts string to upper case.</doc>
<msg timestamp="20230328 15:16:39.719" level="INFO">${text_to_expect} = HELLOXPEOPLE</msg>
<status status="PASS" starttime="20230328 15:16:39.718" endtime="20230328 15:16:39.719"/>
</kw>
<kw name="Speed Should Be" library="MorseDecoderLibrary">
<arg>${speed}</arg>
<status status="PASS" starttime="20230328 15:16:39.719" endtime="20230328 15:16:40.091"/>
</kw>
<kw name="Text Should Be" library="MorseDecoderLibrary">
<arg>${text_to_expect}</arg>
<status status="PASS" starttime="20230328 15:16:40.091" endtime="20230328 15:16:42.471"/>
</kw>
<status status="PASS" starttime="20230328 15:16:39.714" endtime="20230328 15:16:42.471"/>
</kw>
<status status="PASS" starttime="20230328 15:16:39.713" endtime="20230328 15:16:42.471"/>
</test>
<test id="s1-t3" name="Send Morse longer text" line="15">
<kw name="Send Morse" library="morse">
<arg>${lorem}</arg>
<arg>500</arg>
<kw name="Set Speed" library="MorseDecoderLibrary">
<arg>${speed}</arg>
<status status="PASS" starttime="20230328 15:16:42.474" endtime="20230328 15:16:42.477"/>
</kw>
<kw name="Send Text" library="MorseDecoderLibrary">
<arg>${text_to_send}</arg>
<status status="PASS" starttime="20230328 15:16:42.478" endtime="20230328 15:16:42.478"/>
</kw>
<kw name="Replace String Using Regexp" library="String">
<var>${text_to_expect}</var>
<arg>${text_to_send}</arg>
<arg>[^a-zA-Z0-9 ]</arg>
<arg>x</arg>
<doc>Replaces ``pattern`` in the given ``string`` with ``replace_with``.</doc>
<msg timestamp="20230328 15:16:42.478" level="INFO">${text_to_expect} = Lorem Ipsum is simply dummy text of the printing and typesetting industryx</msg>
<status status="PASS" starttime="20230328 15:16:42.478" endtime="20230328 15:16:42.478"/>
</kw>
<kw name="Convert To Upper Case" library="String">
<var>${text_to_expect}</var>
<arg>${text_to_expect}</arg>
<doc>Converts string to upper case.</doc>
<msg timestamp="20230328 15:16:42.478" level="INFO">${text_to_expect} = LOREM IPSUM IS SIMPLY DUMMY TEXT OF THE PRINTING AND TYPESETTING INDUSTRYX</msg>
<status status="PASS" starttime="20230328 15:16:42.478" endtime="20230328 15:16:42.478"/>
</kw>
<kw name="Speed Should Be" library="MorseDecoderLibrary">
<arg>${speed}</arg>
<status status="PASS" starttime="20230328 15:16:42.479" endtime="20230328 15:16:42.611"/>
</kw>
<kw name="Text Should Be" library="MorseDecoderLibrary">
<arg>${text_to_expect}</arg>
<status status="PASS" starttime="20230328 15:16:42.611" endtime="20230328 15:16:43.852"/>
</kw>
<status status="PASS" starttime="20230328 15:16:42.473" endtime="20230328 15:16:43.853"/>
</kw>
<status status="PASS" starttime="20230328 15:16:42.473" endtime="20230328 15:16:43.853"/>
</test>
<doc>Example of morse transmitter test
</doc>
<status status="PASS" starttime="20230328 15:16:37.204" endtime="20230328 15:16:43.855"/>
</suite>
<statistics>
<total>
<stat pass="3" fail="0" skip="0">All Tests</stat>
</total>
<tag>
</tag>
<suite>
<stat pass="3" fail="0" skip="0" id="s1" name="Morse">Morse</stat>
</suite>
</statistics>
<errors>
</errors>
</robot>
