<?xml version="1.0" encoding="UTF-8"?>
<robot generator="Robot 6.0.2 (Python 3.11.2 on darwin)" generated="20230328 15:23:54.977" rpa="false" schemaversion="3">
<suite id="s1" name="Morse" source="/Users/dave/Documents/coding/Python/software_test_automation/ex3/morse.robot">
<test id="s1-t1" name="Send Morse basic" line="12">
<kw name="Send Morse" library="morse">
<arg>hello world</arg>
<arg>50</arg>
<arg>50</arg>
<kw name="Set Speed" library="MorseDecoderLibrary">
<arg>${speed}</arg>
<status status="PASS" starttime="20230328 15:23:55.020" endtime="20230328 15:23:55.024"/>
</kw>
<kw name="Send Text" library="MorseDecoderLibrary">
<arg>${text_to_send}</arg>
<status status="PASS" starttime="20230328 15:23:55.024" endtime="20230328 15:23:55.024"/>
</kw>
<kw name="Replace String Using Regexp" library="String">
<var>${text_to_expect}</var>
<arg>${text_to_send}</arg>
<arg>[^a-zA-Z0-9 ]</arg>
<arg>x</arg>
<doc>Replaces ``pattern`` in the given ``string`` with ``replace_with``.</doc>
<msg timestamp="20230328 15:23:55.024" level="INFO">${text_to_expect} = hello world</msg>
<status status="PASS" starttime="20230328 15:23:55.024" endtime="20230328 15:23:55.024"/>
</kw>
<kw name="Convert To Upper Case" library="String">
<var>${text_to_expect}</var>
<arg>${text_to_expect}</arg>
<doc>Converts string to upper case.</doc>
<msg timestamp="20230328 15:23:55.025" level="INFO">${text_to_expect} = HELLO WORLD</msg>
<status status="PASS" starttime="20230328 15:23:55.025" endtime="20230328 15:23:55.025"/>
</kw>
<kw name="Speed Should Be" library="MorseDecoderLibrary">
<arg>${expected_speed}</arg>
<status status="PASS" starttime="20230328 15:23:55.025" endtime="20230328 15:23:55.345"/>
</kw>
<kw name="Text Should Be" library="MorseDecoderLibrary">
<arg>${text_to_expect}</arg>
<status status="PASS" starttime="20230328 15:23:55.345" endtime="20230328 15:23:57.446"/>
</kw>
<status status="PASS" starttime="20230328 15:23:55.019" endtime="20230328 15:23:57.446"/>
</kw>
<status status="PASS" starttime="20230328 15:23:55.019" endtime="20230328 15:23:57.446"/>
</test>
<test id="s1-t2" name="Send Morse special char" line="13">
<kw name="Send Morse" library="morse">
<arg>hello_people</arg>
<arg>50</arg>
<arg>50</arg>
<kw name="Set Speed" library="MorseDecoderLibrary">
<arg>${speed}</arg>
<status status="PASS" starttime="20230328 15:23:57.449" endtime="20230328 15:23:57.453"/>
</kw>
<kw name="Send Text" library="MorseDecoderLibrary">
<arg>${text_to_send}</arg>
<status status="PASS" starttime="20230328 15:23:57.453" endtime="20230328 15:23:57.453"/>
</kw>
<kw name="Replace String Using Regexp" library="String">
<var>${text_to_expect}</var>
<arg>${text_to_send}</arg>
<arg>[^a-zA-Z0-9 ]</arg>
<arg>x</arg>
<doc>Replaces ``pattern`` in the given ``string`` with ``replace_with``.</doc>
<msg timestamp="20230328 15:23:57.454" level="INFO">${text_to_expect} = helloxpeople</msg>
<status status="PASS" starttime="20230328 15:23:57.453" endtime="20230328 15:23:57.454"/>
</kw>
<kw name="Convert To Upper Case" library="String">
<var>${text_to_expect}</var>
<arg>${text_to_expect}</arg>
<doc>Converts string to upper case.</doc>
<msg timestamp="20230328 15:23:57.454" level="INFO">${text_to_expect} = HELLOXPEOPLE</msg>
<status status="PASS" starttime="20230328 15:23:57.454" endtime="20230328 15:23:57.454"/>
</kw>
<kw name="Speed Should Be" library="MorseDecoderLibrary">
<arg>${expected_speed}</arg>
<status status="PASS" starttime="20230328 15:23:57.454" endtime="20230328 15:23:57.824"/>
</kw>
<kw name="Text Should Be" library="MorseDecoderLibrary">
<arg>${text_to_expect}</arg>
<status status="PASS" starttime="20230328 15:23:57.825" endtime="20230328 15:24:00.206"/>
</kw>
<status status="PASS" starttime="20230328 15:23:57.448" endtime="20230328 15:24:00.206"/>
</kw>
<status status="PASS" starttime="20230328 15:23:57.448" endtime="20230328 15:24:00.206"/>
</test>
<test id="s1-t3" name="Send Morse longer text" line="14">
<kw name="Send Morse" library="morse">
<arg>${lorem}</arg>
<arg>450</arg>
<arg>500</arg>
<kw name="Set Speed" library="MorseDecoderLibrary">
<arg>${speed}</arg>
<status status="PASS" starttime="20230328 15:24:00.208" endtime="20230328 15:24:00.213"/>
</kw>
<kw name="Send Text" library="MorseDecoderLibrary">
<arg>${text_to_send}</arg>
<status status="PASS" starttime="20230328 15:24:00.213" endtime="20230328 15:24:00.213"/>
</kw>
<kw name="Replace String Using Regexp" library="String">
<var>${text_to_expect}</var>
<arg>${text_to_send}</arg>
<arg>[^a-zA-Z0-9 ]</arg>
<arg>x</arg>
<doc>Replaces ``pattern`` in the given ``string`` with ``replace_with``.</doc>
<msg timestamp="20230328 15:24:00.213" level="INFO">${text_to_expect} = Lorem Ipsum is simply dummy text of the printing and typesetting industryx</msg>
<status status="PASS" starttime="20230328 15:24:00.213" endtime="20230328 15:24:00.213"/>
</kw>
<kw name="Convert To Upper Case" library="String">
<var>${text_to_expect}</var>
<arg>${text_to_expect}</arg>
<doc>Converts string to upper case.</doc>
<msg timestamp="20230328 15:24:00.213" level="INFO">${text_to_expect} = LOREM IPSUM IS SIMPLY DUMMY TEXT OF THE PRINTING AND TYPESETTING INDUSTRYX</msg>
<status status="PASS" starttime="20230328 15:24:00.213" endtime="20230328 15:24:00.213"/>
</kw>
<kw name="Speed Should Be" library="MorseDecoderLibrary">
<arg>${expected_speed}</arg>
<status status="PASS" starttime="20230328 15:24:00.214" endtime="20230328 15:24:00.345"/>
</kw>
<kw name="Text Should Be" library="MorseDecoderLibrary">
<arg>${text_to_expect}</arg>
<status status="PASS" starttime="20230328 15:24:00.345" endtime="20230328 15:24:01.588"/>
</kw>
<status status="PASS" starttime="20230328 15:24:00.208" endtime="20230328 15:24:01.588"/>
</kw>
<status status="PASS" starttime="20230328 15:24:00.208" endtime="20230328 15:24:01.589"/>
</test>
<doc>Example of morse transmitter test
</doc>
<status status="PASS" starttime="20230328 15:23:54.980" endtime="20230328 15:24:01.591"/>
</suite>
<statistics>
<total>
<stat pass="3" fail="0" skip="0">All Tests</stat>
</total>
<tag>
</tag>
<suite>
<stat pass="3" fail="0" skip="0" id="s1" name="Morse">Morse</stat>
</suite>
</statistics>
<errors>
</errors>
</robot>
