<?xml version="1.0" encoding="UTF-8"?>
<robot generator="Robot 6.0.2 (Python 3.10.10 on linux)" generated="20230418 11:27:17.519" rpa="false" schemaversion="3">
<suite id="s1" name="Morse" source="/home/tylen/Desktop/Programming/software-test-automation-tasks/ex4/morse.robot">
<test id="s1-t1" name="Send Morse basic" line="15">
<kw name="Morse Setup" library="morse" type="SETUP">
<kw name="Set Auto Wpm Status" library="MorseDecoderLibrary">
<arg>OFF</arg>
<status status="PASS" starttime="20230418 11:27:17.538" endtime="20230418 11:27:17.539"/>
</kw>
<kw name="Auto Wpm Status Should Be" library="MorseDecoderLibrary">
<arg>OFF</arg>
<status status="PASS" starttime="20230418 11:27:17.539" endtime="20230418 11:27:17.542"/>
</kw>
<kw name="Set Immediate Status" library="MorseDecoderLibrary">
<arg>OFF</arg>
<status status="PASS" starttime="20230418 11:27:17.542" endtime="20230418 11:27:17.542"/>
</kw>
<kw name="Immediate Status Should Be" library="MorseDecoderLibrary">
<arg>OFF</arg>
<status status="PASS" starttime="20230418 11:27:17.542" endtime="20230418 11:27:17.546"/>
</kw>
<status status="PASS" starttime="20230418 11:27:17.538" endtime="20230418 11:27:17.546"/>
</kw>
<kw name="Send Morse" library="morse">
<arg>hello world</arg>
<arg>500</arg>
<arg>1001</arg>
<kw name="Set Speed" library="MorseDecoderLibrary">
<arg>${speed}</arg>
<status status="PASS" starttime="20230418 11:27:17.546" endtime="20230418 11:27:17.546"/>
</kw>
<kw name="Send Text" library="MorseDecoderLibrary">
<arg>${text_to_send}</arg>
<status status="PASS" starttime="20230418 11:27:17.546" endtime="20230418 11:27:17.547"/>
</kw>
<kw name="Replace String Using Regexp" library="String">
<var>${text_to_expect}</var>
<arg>${text_to_send}</arg>
<arg>[^a-zA-Z0-9 ]</arg>
<arg>x</arg>
<doc>Replaces ``pattern`` in the given ``string`` with ``replace_with``.</doc>
<msg timestamp="20230418 11:27:17.547" level="INFO">${text_to_expect} = hello world</msg>
<status status="PASS" starttime="20230418 11:27:17.547" endtime="20230418 11:27:17.547"/>
</kw>
<kw name="Convert To Upper Case" library="String">
<var>${text_to_expect}</var>
<arg>${text_to_expect}</arg>
<doc>Converts string to upper case.</doc>
<msg timestamp="20230418 11:27:17.547" level="INFO">${text_to_expect} = HELLO WORLD</msg>
<status status="PASS" starttime="20230418 11:27:17.547" endtime="20230418 11:27:17.547"/>
</kw>
<kw name="Text Should Be" library="MorseDecoderLibrary">
<arg>${text_to_expect}</arg>
<status status="PASS" starttime="20230418 11:27:17.547" endtime="20230418 11:27:17.859"/>
</kw>
<kw name="Run Keyword If" library="BuiltIn">
<arg>${expected_speed_range} &lt; 1000</arg>
<arg>Speed should be in range</arg>
<arg>${expected_speed_range}</arg>
<doc>Runs the given keyword with the given arguments, if ``condition`` is true.</doc>
<status status="PASS" starttime="20230418 11:27:17.859" endtime="20230418 11:27:17.860"/>
</kw>
<status status="PASS" starttime="20230418 11:27:17.546" endtime="20230418 11:27:17.860"/>
</kw>
<kw name="Morse Teardown" library="morse" type="TEARDOWN">
<kw name="Set Auto Wpm Status" library="MorseDecoderLibrary">
<arg>ON</arg>
<status status="PASS" starttime="20230418 11:27:17.861" endtime="20230418 11:27:17.862"/>
</kw>
<kw name="Auto Wpm Status Should Be" library="MorseDecoderLibrary">
<arg>ON</arg>
<status status="PASS" starttime="20230418 11:27:17.862" endtime="20230418 11:27:17.865"/>
</kw>
<kw name="Set Immediate Status" library="MorseDecoderLibrary">
<arg>ON</arg>
<status status="PASS" starttime="20230418 11:27:17.865" endtime="20230418 11:27:17.866"/>
</kw>
<kw name="Immediate Status Should Be" library="MorseDecoderLibrary">
<arg>ON</arg>
<status status="PASS" starttime="20230418 11:27:17.866" endtime="20230418 11:27:17.869"/>
</kw>
<status status="PASS" starttime="20230418 11:27:17.861" endtime="20230418 11:27:17.870"/>
</kw>
<tag>text only</tag>
<status status="PASS" starttime="20230418 11:27:17.538" endtime="20230418 11:27:17.870"/>
</test>
<doc>Example of morse transmitter test
</doc>
<status status="PASS" starttime="20230418 11:27:17.520" endtime="20230418 11:27:17.876"/>
</suite>
<statistics>
<total>
<stat pass="1" fail="0" skip="0">All Tests</stat>
</total>
<tag>
<stat pass="1" fail="0" skip="0">text only</stat>
</tag>
<suite>
<stat pass="1" fail="0" skip="0" id="s1" name="Morse">Morse</stat>
</suite>
</statistics>
<errors>
</errors>
</robot>
